<?xml version="1.0" encoding="UTF-8"?>
<!-- Generated by org.testng.reporters.JUnitReportReporter -->
<testsuite hostname="Lenovo-PC" failures="0" tests="2" name="com.test.OrangeCRM.LoginTest1" time="38.723" errors="0" timestamp="2021-01-07T13:43:09 IST" skipped="0">
  <testcase classname="com.test.OrangeCRM.LoginTest1" name="TEST3" time="19.040"/>
  <system-out/>
  <testcase classname="com.test.OrangeCRM.LoginTest1" name="TEST4" time="19.683"/>
  <system-out/>
</testsuite> <!-- com.test.OrangeCRM.LoginTest1 -->
