<?xml version="1.0" encoding="UTF-8"?>
<!-- Generated by org.testng.reporters.JUnitReportReporter -->
<testsuite hostname="Lenovo-PC" failures="0" tests="2" name="com.test.OrangeCRM.LoginTest" time="45.683" errors="0" timestamp="2021-01-07T13:38:24 IST" skipped="0">
  <testcase classname="com.test.OrangeCRM.LoginTest" name="TEST1" time="23.722"/>
  <system-out/>
  <testcase classname="com.test.OrangeCRM.LoginTest" name="TEST2" time="21.961"/>
  <system-out/>
</testsuite> <!-- com.test.OrangeCRM.LoginTest -->
