<?xml version="1.0" encoding="UTF-8"?>
<!-- Generated by org.testng.reporters.JUnitReportReporter -->
<testsuite hostname="Lenovo-PC" failures="0" tests="2" name="com.test.OrangeCRM.LoginTest3" time="40.213" errors="0" timestamp="2021-01-07T13:43:09 IST" skipped="0">
  <testcase classname="com.test.OrangeCRM.LoginTest3" name="TEST6" time="20.252"/>
  <system-out/>
  <testcase classname="com.test.OrangeCRM.LoginTest3" name="TEST5" time="19.961"/>
  <system-out/>
</testsuite> <!-- com.test.OrangeCRM.LoginTest3 -->
