<?xml version="1.0" encoding="UTF-8"?>
<!-- Generated by org.testng.reporters.JUnitReportReporter -->
<testsuite hostname="LAPTOP-HLPTSBU6" failures="0" tests="1" name="com.test.OrangeCRM.UserManagementTest" time="0.000" errors="0" timestamp="2020-11-03T14:22:51 IST" skipped="1">
  <testcase classname="com.test.OrangeCRM.UserManagementTest" name="AddUsers" time="0.000">
    <skipped/>
  </testcase> <!-- AddUsers -->
  <system-out/>
</testsuite> <!-- com.test.OrangeCRM.UserManagementTest -->
