<?xml version="1.0" encoding="UTF-8"?>
<!-- Generated by org.testng.reporters.JUnitReportReporter -->
<testsuite hostname="Lenovo-PC" failures="0" tests="2" name="com.test.OrangeCRM.LoginTest3" time="40.340" errors="0" timestamp="2021-01-07T13:38:24 IST" skipped="0">
  <testcase classname="com.test.OrangeCRM.LoginTest3" name="TEST5" time="21.215"/>
  <system-out/>
  <testcase classname="com.test.OrangeCRM.LoginTest3" name="TEST6" time="19.125"/>
  <system-out/>
</testsuite> <!-- com.test.OrangeCRM.LoginTest3 -->
