<?xml version="1.0" encoding="UTF-8"?>
<!-- Generated by org.testng.reporters.JUnitReportReporter -->
<testsuite hostname="Lenovo-PC" failures="0" tests="2" name="com.test.OrangeCRM.LoginTest" time="42.113" errors="0" timestamp="2021-01-07T13:43:09 IST" skipped="0">
  <testcase classname="com.test.OrangeCRM.LoginTest" name="TEST1" time="21.381"/>
  <system-out/>
  <testcase classname="com.test.OrangeCRM.LoginTest" name="TEST2" time="20.732"/>
  <system-out/>
</testsuite> <!-- com.test.OrangeCRM.LoginTest -->
