<?xml version="1.0" encoding="UTF-8"?>
<!-- Generated by org.testng.reporters.JUnitReportReporter -->
<testsuite hostname="LAPTOP-HLPTSBU6" failures="0" tests="1" name="com.test.OrangeCRM.UserManagementTest" time="15.246" errors="0" timestamp="2020-12-17T13:35:36 IST" skipped="0">
  <testcase classname="com.test.OrangeCRM.UserManagementTest" name="AddUsers" time="15.246"/>
  <system-out/>
</testsuite> <!-- com.test.OrangeCRM.UserManagementTest -->
