<?xml version="1.0" encoding="UTF-8"?>
<!-- Generated by org.testng.reporters.JUnitReportReporter -->
<testsuite hostname="Lenovo-PC" failures="0" tests="2" name="com.test.OrangeCRM.LoginTest1" time="41.930" errors="0" timestamp="2021-01-07T13:38:24 IST" skipped="0">
  <testcase classname="com.test.OrangeCRM.LoginTest1" name="TEST4" time="21.803"/>
  <system-out/>
  <testcase classname="com.test.OrangeCRM.LoginTest1" name="TEST3" time="20.127"/>
  <system-out/>
</testsuite> <!-- com.test.OrangeCRM.LoginTest1 -->
