<?xml version="1.0" encoding="UTF-8"?>
<!-- Generated by org.testng.reporters.JUnitReportReporter -->
<testsuite hostname="LAPTOP-HLPTSBU6" failures="0" tests="2" name="com.test.OrangeCRM.LoginTest" time="0.000" errors="0" timestamp="2020-11-03T14:22:51 IST" skipped="2">
  <testcase classname="com.test.OrangeCRM.LoginTest" name="HLogin1" time="0.000">
    <skipped/>
  </testcase> <!-- HLogin1 -->
  <system-out/>
  <testcase classname="com.test.OrangeCRM.LoginTest" name="HLogin" time="0.000">
    <skipped/>
  </testcase> <!-- HLogin -->
  <system-out/>
</testsuite> <!-- com.test.OrangeCRM.LoginTest -->
